2025-10-09 09:36:19,469 - basicLogger - INFO - Periodic processing started
2025-10-09 09:36:21,896 - basicLogger - INFO - Received 0 search readings
2025-10-09 09:36:24,285 - basicLogger - INFO - Received 0 purchase readings
2025-10-09 09:36:24,288 - basicLogger - DEBUG - Updated statistics: {'num_search_readings': 50, 'max_search_count': 27, 'num_purchase_readings': 50, 'max_purchase_count': 28, 'last_updated': '2025-10-09T16:36:19.472'}
2025-10-09 09:36:24,289 - basicLogger - INFO - Periodic processing ended
2025-10-09 09:36:24,463 - basicLogger - INFO - Periodic processing started
2025-10-09 09:36:27,318 - basicLogger - INFO - Received 0 search readings
2025-10-09 09:36:30,381 - basicLogger - INFO - Received 0 purchase readings
2025-10-09 09:36:30,385 - basicLogger - DEBUG - Updated statistics: {'num_search_readings': 50, 'max_search_count': 27, 'num_purchase_readings': 50, 'max_purchase_count': 28, 'last_updated': '2025-10-09T16:36:24.483'}
2025-10-09 09:36:30,385 - basicLogger - INFO - Periodic processing ended
2025-10-09 09:36:34,467 - basicLogger - INFO - Periodic processing started
2025-10-09 09:36:36,883 - basicLogger - INFO - Received 10 search readings
2025-10-09 09:36:39,243 - basicLogger - INFO - Received 1 purchase readings
2025-10-09 09:36:39,244 - basicLogger - DEBUG - Updated statistics: {'num_search_readings': 60, 'max_search_count': 28, 'num_purchase_readings': 51, 'max_purchase_count': 28, 'last_updated': '2025-10-09T16:36:34.486'}
2025-10-09 09:36:39,246 - basicLogger - INFO - Periodic processing ended
2025-10-09 09:36:39,465 - basicLogger - INFO - Periodic processing started
2025-10-09 09:36:41,880 - basicLogger - INFO - Received 2 search readings
2025-10-09 09:36:44,285 - basicLogger - INFO - Received 9 purchase readings
2025-10-09 09:36:44,286 - basicLogger - DEBUG - Updated statistics: {'num_search_readings': 62, 'max_search_count': 28, 'num_purchase_readings': 60, 'max_purchase_count': 28, 'last_updated': '2025-10-09T16:36:39.484'}
2025-10-09 09:36:44,286 - basicLogger - INFO - Periodic processing ended
2025-10-09 09:36:44,456 - basicLogger - INFO - Periodic processing started
2025-10-09 09:36:46,918 - basicLogger - INFO - Received 8 search readings
2025-10-09 09:36:49,367 - basicLogger - INFO - Received 2 purchase readings
2025-10-09 09:36:49,368 - basicLogger - DEBUG - Updated statistics: {'num_search_readings': 70, 'max_search_count': 28, 'num_purchase_readings': 62, 'max_purchase_count': 30, 'last_updated': '2025-10-09T16:36:44.475'}
2025-10-09 09:36:49,368 - basicLogger - INFO - Periodic processing ended
2025-10-09 09:36:49,464 - basicLogger - INFO - Periodic processing started
2025-10-09 09:36:51,894 - basicLogger - INFO - Received 2 search readings
2025-10-09 09:36:54,368 - basicLogger - INFO - Received 8 purchase readings
2025-10-09 09:36:54,370 - basicLogger - DEBUG - Updated statistics: {'num_search_readings': 72, 'max_search_count': 30, 'num_purchase_readings': 70, 'max_purchase_count': 30, 'last_updated': '2025-10-09T16:36:49.483'}
2025-10-09 09:36:54,370 - basicLogger - INFO - Periodic processing ended
2025-10-09 09:36:54,467 - basicLogger - INFO - Periodic processing started
2025-10-09 09:36:57,037 - basicLogger - INFO - Received 8 search readings
2025-10-09 09:36:59,628 - basicLogger - INFO - Received 2 purchase readings
2025-10-09 09:36:59,629 - basicLogger - DEBUG - Updated statistics: {'num_search_readings': 80, 'max_search_count': 30, 'num_purchase_readings': 72, 'max_purchase_count': 30, 'last_updated': '2025-10-09T16:36:54.468'}
2025-10-09 09:36:59,629 - basicLogger - INFO - Periodic processing ended
2025-10-09 09:37:04,471 - basicLogger - INFO - Periodic processing started
2025-10-09 09:37:06,950 - basicLogger - INFO - Received 10 search readings
2025-10-09 09:37:09,342 - basicLogger - INFO - Received 10 purchase readings
2025-10-09 09:37:09,343 - basicLogger - DEBUG - Updated statistics: {'num_search_readings': 90, 'max_search_count': 30, 'num_purchase_readings': 82, 'max_purchase_count': 30, 'last_updated': '2025-10-09T16:37:04.472'}
2025-10-09 09:37:09,344 - basicLogger - INFO - Periodic processing ended
2025-10-09 09:37:09,467 - basicLogger - INFO - Periodic processing started
2025-10-09 09:37:11,891 - basicLogger - INFO - Received 2 search readings
2025-10-09 09:37:14,252 - basicLogger - INFO - Received 8 purchase readings
2025-10-09 09:37:14,254 - basicLogger - DEBUG - Updated statistics: {'num_search_readings': 92, 'max_search_count': 30, 'num_purchase_readings': 90, 'max_purchase_count': 30, 'last_updated': '2025-10-09T16:37:09.468'}
2025-10-09 09:37:14,254 - basicLogger - INFO - Periodic processing ended
2025-10-09 09:37:14,455 - basicLogger - INFO - Periodic processing started
2025-10-09 09:37:16,919 - basicLogger - INFO - Received 8 search readings
2025-10-09 09:37:19,292 - basicLogger - INFO - Received 2 purchase readings
2025-10-09 09:37:19,294 - basicLogger - DEBUG - Updated statistics: {'num_search_readings': 100, 'max_search_count': 30, 'num_purchase_readings': 92, 'max_purchase_count': 30, 'last_updated': '2025-10-09T16:37:14.457'}
2025-10-09 09:37:19,294 - basicLogger - INFO - Periodic processing ended
2025-10-09 09:37:19,459 - basicLogger - INFO - Periodic processing started
2025-10-09 09:37:21,824 - basicLogger - INFO - Received 0 search readings
2025-10-09 09:37:24,175 - basicLogger - INFO - Received 8 purchase readings
2025-10-09 09:37:24,177 - basicLogger - DEBUG - Updated statistics: {'num_search_readings': 100, 'max_search_count': 30, 'num_purchase_readings': 100, 'max_purchase_count': 30, 'last_updated': '2025-10-09T16:37:19.461'}
2025-10-09 09:37:24,178 - basicLogger - INFO - Periodic processing ended
2025-10-09 09:37:24,466 - basicLogger - INFO - Periodic processing started
2025-10-09 09:37:26,842 - basicLogger - INFO - Received 0 search readings
2025-10-09 09:37:29,202 - basicLogger - INFO - Received 0 purchase readings
2025-10-09 09:37:29,203 - basicLogger - DEBUG - Updated statistics: {'num_search_readings': 100, 'max_search_count': 30, 'num_purchase_readings': 100, 'max_purchase_count': 30, 'last_updated': '2025-10-09T16:37:24.466'}
2025-10-09 09:37:29,203 - basicLogger - INFO - Periodic processing ended
2025-10-09 09:37:29,465 - basicLogger - INFO - Periodic processing started
2025-10-09 09:37:31,846 - basicLogger - INFO - Received 0 search readings
2025-10-09 09:37:34,189 - basicLogger - INFO - Received 0 purchase readings
2025-10-09 09:37:34,191 - basicLogger - DEBUG - Updated statistics: {'num_search_readings': 100, 'max_search_count': 30, 'num_purchase_readings': 100, 'max_purchase_count': 30, 'last_updated': '2025-10-09T16:37:29.466'}
2025-10-09 09:37:34,191 - basicLogger - INFO - Periodic processing ended
2025-10-09 09:37:34,456 - basicLogger - INFO - Periodic processing started
2025-10-09 09:37:36,882 - basicLogger - INFO - Received 0 search readings
2025-10-09 09:37:39,262 - basicLogger - INFO - Received 0 purchase readings
2025-10-09 09:37:39,263 - basicLogger - DEBUG - Updated statistics: {'num_search_readings': 100, 'max_search_count': 30, 'num_purchase_readings': 100, 'max_purchase_count': 30, 'last_updated': '2025-10-09T16:37:34.457'}
2025-10-09 09:37:39,263 - basicLogger - INFO - Periodic processing ended
2025-10-09 09:37:39,464 - basicLogger - INFO - Periodic processing started
2025-10-09 09:37:41,844 - basicLogger - INFO - Received 0 search readings
2025-10-09 09:37:44,204 - basicLogger - INFO - Received 0 purchase readings
2025-10-09 09:37:44,205 - basicLogger - DEBUG - Updated statistics: {'num_search_readings': 100, 'max_search_count': 30, 'num_purchase_readings': 100, 'max_purchase_count': 30, 'last_updated': '2025-10-09T16:37:39.464'}
2025-10-09 09:37:44,206 - basicLogger - INFO - Periodic processing ended
2025-10-09 09:37:44,468 - basicLogger - INFO - Periodic processing started
2025-10-09 09:37:46,842 - basicLogger - INFO - Received 0 search readings
2025-10-09 09:37:49,256 - basicLogger - INFO - Received 0 purchase readings
2025-10-09 09:37:49,258 - basicLogger - DEBUG - Updated statistics: {'num_search_readings': 100, 'max_search_count': 30, 'num_purchase_readings': 100, 'max_purchase_count': 30, 'last_updated': '2025-10-09T16:37:44.469'}
2025-10-09 09:37:49,258 - basicLogger - INFO - Periodic processing ended
2025-10-09 09:37:49,460 - basicLogger - INFO - Periodic processing started
2025-10-09 09:37:51,825 - basicLogger - INFO - Received 0 search readings
2025-10-09 09:37:55,094 - basicLogger - INFO - Received 0 purchase readings
2025-10-09 09:37:55,098 - basicLogger - DEBUG - Updated statistics: {'num_search_readings': 100, 'max_search_count': 30, 'num_purchase_readings': 100, 'max_purchase_count': 30, 'last_updated': '2025-10-09T16:37:49.461'}
2025-10-09 09:37:55,099 - basicLogger - INFO - Periodic processing ended
2025-10-09 09:37:59,475 - basicLogger - INFO - Periodic processing started
2025-10-09 09:38:02,623 - basicLogger - INFO - Received 0 search readings
2025-10-09 09:38:05,877 - basicLogger - INFO - Received 0 purchase readings
2025-10-09 09:38:05,880 - basicLogger - DEBUG - Updated statistics: {'num_search_readings': 100, 'max_search_count': 30, 'num_purchase_readings': 100, 'max_purchase_count': 30, 'last_updated': '2025-10-09T16:37:59.477'}
2025-10-09 09:38:05,882 - basicLogger - INFO - Periodic processing ended
2025-10-09 09:38:09,457 - basicLogger - INFO - Periodic processing started
2025-10-09 09:38:12,705 - basicLogger - INFO - Received 0 search readings
2025-10-09 09:38:15,968 - basicLogger - INFO - Received 0 purchase readings
2025-10-09 09:38:15,975 - basicLogger - DEBUG - Updated statistics: {'num_search_readings': 100, 'max_search_count': 30, 'num_purchase_readings': 100, 'max_purchase_count': 30, 'last_updated': '2025-10-09T16:38:09.459'}
2025-10-09 09:38:15,976 - basicLogger - INFO - Periodic processing ended
2025-10-09 09:38:19,460 - basicLogger - INFO - Periodic processing started
2025-10-09 09:38:22,756 - basicLogger - INFO - Received 0 search readings
2025-10-09 09:38:26,376 - basicLogger - INFO - Received 0 purchase readings
2025-10-09 09:38:26,379 - basicLogger - DEBUG - Updated statistics: {'num_search_readings': 100, 'max_search_count': 30, 'num_purchase_readings': 100, 'max_purchase_count': 30, 'last_updated': '2025-10-09T16:38:19.462'}
2025-10-09 09:38:26,381 - basicLogger - INFO - Periodic processing ended
2025-10-09 09:38:29,483 - basicLogger - INFO - Periodic processing started
2025-10-09 09:38:32,773 - basicLogger - INFO - Received 0 search readings
2025-10-09 09:38:36,120 - basicLogger - INFO - Received 0 purchase readings
2025-10-09 09:38:36,124 - basicLogger - DEBUG - Updated statistics: {'num_search_readings': 100, 'max_search_count': 30, 'num_purchase_readings': 100, 'max_purchase_count': 30, 'last_updated': '2025-10-09T16:38:29.485'}
2025-10-09 09:38:36,126 - basicLogger - INFO - Periodic processing ended
2025-10-09 09:38:39,465 - basicLogger - INFO - Periodic processing started
2025-10-09 09:38:42,806 - basicLogger - INFO - Received 0 search readings
2025-10-09 09:38:46,087 - basicLogger - INFO - Received 0 purchase readings
2025-10-09 09:38:46,090 - basicLogger - DEBUG - Updated statistics: {'num_search_readings': 100, 'max_search_count': 30, 'num_purchase_readings': 100, 'max_purchase_count': 30, 'last_updated': '2025-10-09T16:38:39.467'}
2025-10-09 09:38:46,091 - basicLogger - INFO - Periodic processing ended
2025-10-09 09:38:49,461 - basicLogger - INFO - Periodic processing started
2025-10-09 09:38:52,764 - basicLogger - INFO - Received 0 search readings
2025-10-09 09:38:56,338 - basicLogger - INFO - Received 0 purchase readings
2025-10-09 09:38:56,340 - basicLogger - DEBUG - Updated statistics: {'num_search_readings': 100, 'max_search_count': 30, 'num_purchase_readings': 100, 'max_purchase_count': 30, 'last_updated': '2025-10-09T16:38:49.463'}
2025-10-09 09:38:56,341 - basicLogger - INFO - Periodic processing ended
2025-10-09 09:38:59,472 - basicLogger - INFO - Periodic processing started
2025-10-09 09:39:02,676 - basicLogger - INFO - Received 0 search readings
2025-10-09 09:39:06,182 - basicLogger - INFO - Received 0 purchase readings
2025-10-09 09:39:06,187 - basicLogger - DEBUG - Updated statistics: {'num_search_readings': 100, 'max_search_count': 30, 'num_purchase_readings': 100, 'max_purchase_count': 30, 'last_updated': '2025-10-09T16:38:59.472'}
2025-10-09 09:39:06,189 - basicLogger - INFO - Periodic processing ended
2025-10-09 09:39:09,466 - basicLogger - INFO - Periodic processing started
2025-10-09 09:39:12,785 - basicLogger - INFO - Received 0 search readings
2025-10-09 09:39:16,061 - basicLogger - INFO - Received 0 purchase readings
2025-10-09 09:39:16,065 - basicLogger - DEBUG - Updated statistics: {'num_search_readings': 100, 'max_search_count': 30, 'num_purchase_readings': 100, 'max_purchase_count': 30, 'last_updated': '2025-10-09T16:39:09.468'}
2025-10-09 09:39:16,065 - basicLogger - INFO - Periodic processing ended
2025-10-09 09:39:19,461 - basicLogger - INFO - Periodic processing started
2025-10-09 09:39:22,742 - basicLogger - INFO - Received 0 search readings
2025-10-09 09:39:26,006 - basicLogger - INFO - Received 0 purchase readings
2025-10-09 09:39:26,014 - basicLogger - DEBUG - Updated statistics: {'num_search_readings': 100, 'max_search_count': 30, 'num_purchase_readings': 100, 'max_purchase_count': 30, 'last_updated': '2025-10-09T16:39:19.463'}
2025-10-09 09:39:26,018 - basicLogger - INFO - Periodic processing ended
2025-10-09 09:39:29,470 - basicLogger - INFO - Periodic processing started
2025-10-09 09:39:32,773 - basicLogger - INFO - Received 0 search readings
2025-10-09 09:39:36,102 - basicLogger - INFO - Received 0 purchase readings
2025-10-09 09:39:36,107 - basicLogger - DEBUG - Updated statistics: {'num_search_readings': 100, 'max_search_count': 30, 'num_purchase_readings': 100, 'max_purchase_count': 30, 'last_updated': '2025-10-09T16:39:29.472'}
2025-10-09 09:39:36,108 - basicLogger - INFO - Periodic processing ended
2025-10-09 09:39:39,460 - basicLogger - INFO - Periodic processing started
2025-10-09 09:39:42,645 - basicLogger - INFO - Received 0 search readings
2025-10-09 09:39:45,929 - basicLogger - INFO - Received 0 purchase readings
2025-10-09 09:39:45,942 - basicLogger - DEBUG - Updated statistics: {'num_search_readings': 100, 'max_search_count': 30, 'num_purchase_readings': 100, 'max_purchase_count': 30, 'last_updated': '2025-10-09T16:39:39.461'}
2025-10-09 09:39:45,943 - basicLogger - INFO - Periodic processing ended
2025-10-09 09:39:49,465 - basicLogger - INFO - Periodic processing started
2025-10-09 09:39:52,696 - basicLogger - INFO - Received 0 search readings
2025-10-09 09:39:55,829 - basicLogger - INFO - Received 0 purchase readings
2025-10-09 09:39:55,832 - basicLogger - DEBUG - Updated statistics: {'num_search_readings': 100, 'max_search_count': 30, 'num_purchase_readings': 100, 'max_purchase_count': 30, 'last_updated': '2025-10-09T16:39:49.467'}
2025-10-09 09:39:55,833 - basicLogger - INFO - Periodic processing ended
2025-10-09 09:39:59,459 - basicLogger - INFO - Periodic processing started
2025-10-09 09:40:02,700 - basicLogger - INFO - Received 0 search readings
2025-10-09 09:40:06,013 - basicLogger - INFO - Received 0 purchase readings
2025-10-09 09:40:06,016 - basicLogger - DEBUG - Updated statistics: {'num_search_readings': 100, 'max_search_count': 30, 'num_purchase_readings': 100, 'max_purchase_count': 30, 'last_updated': '2025-10-09T16:39:59.461'}
2025-10-09 09:40:06,017 - basicLogger - INFO - Periodic processing ended
2025-10-09 09:40:09,464 - basicLogger - INFO - Periodic processing started
2025-10-09 09:40:11,854 - basicLogger - INFO - Received 0 search readings
2025-10-09 09:40:14,272 - basicLogger - INFO - Received 0 purchase readings
2025-10-09 09:40:14,273 - basicLogger - DEBUG - Updated statistics: {'num_search_readings': 100, 'max_search_count': 30, 'num_purchase_readings': 100, 'max_purchase_count': 30, 'last_updated': '2025-10-09T16:40:09.464'}
2025-10-09 09:40:14,274 - basicLogger - INFO - Periodic processing ended
2025-10-09 09:40:14,464 - basicLogger - INFO - Periodic processing started
2025-10-09 09:40:16,876 - basicLogger - INFO - Received 0 search readings
